2024-11-17 19:02:21,978 [INFO] Activator:176 - 


2024-11-17 19:02:21,982 [INFO] Activator:177 - !SESSION log4j initialized
2024-11-17 19:02:25,247 [INFO] LogOutputStream:77 - [STDOUT_REDIRECT] 
2024-11-17 19:02:48,354 [INFO] ApplicationProperties:184 - Using Application install path: C:\Users\phung\STM32\STM32CubeIDE_1.14.0\STM32CubeIDE\plugins\com.st.stm32cube.common.mx_6.10.0.202311202037
2024-11-17 19:02:48,382 [INFO] DbMcusXml:78 - Set database path to: C:\Users\phung\STM32\STM32CubeIDE_1.14.0\STM32CubeIDE\plugins\com.st.stm32cube.common.mx_6.10.0.202311202037\\db\/mcu/
2024-11-17 19:02:48,382 [INFO] ApiDb:274 - Set plugin database path to: C:\Users\phung\STM32\STM32CubeIDE_1.14.0\STM32CubeIDE\plugins\com.st.stm32cube.common.mx_6.10.0.202311202037\\db\/plugins/boardmanager/
2024-11-17 19:02:48,384 [WARN] ApiDb:259 - Overriding images path with different value:  => C:\Users\phung\STM32\STM32CubeIDE_1.14.0\STM32CubeIDE\plugins\com.st.stm32cube.common.mx_6.10.0.202311202037\\db\/plugins/mcufinder/images/
2024-11-17 19:02:48,396 [INFO] ApiDb:250 - Set database path to: C:\Users\phung\.stmcufinder\plugins\mcufinder//mcu/
2024-11-17 19:02:48,398 [INFO] DbMcusAds:125 - Set database path to: C:\Users\phung\.stmcufinder\plugins\mcufinder//mcu/
2024-11-17 19:02:48,448 [INFO] CrossReferenceDbSqlite:203 - Set database path to: C:\Users\phung\.stmcufinder\plugins\mcufinder//mcu/cs/
2024-11-17 19:02:48,595 [INFO] RulesReader:64 - Compatibility file has been processed (297 Rules)
2024-11-17 19:02:48,721 [INFO] DbMcusXml:78 - Set database path to: C:\Users\phung\STM32\STM32CubeIDE_1.14.0\STM32CubeIDE\plugins\com.st.stm32cube.common.mx_6.10.0.202311202037\\db\/mcu/
2024-11-17 19:02:48,721 [INFO] ApiDb:274 - Set plugin database path to: C:\Users\phung\STM32\STM32CubeIDE_1.14.0\STM32CubeIDE\plugins\com.st.stm32cube.common.mx_6.10.0.202311202037\\db\/plugins/boardmanager/
2024-11-17 19:02:48,722 [INFO] ApiDb:261 - Set plugin images path to: C:\Users\phung\STM32\STM32CubeIDE_1.14.0\STM32CubeIDE\plugins\com.st.stm32cube.common.mx_6.10.0.202311202037\\db\/plugins/mcufinder/images/
2024-11-17 19:02:48,722 [WARN] DbFile:41 - Overriding database path with different value: C:\Users\phung\.stmcufinder\plugins\mcufinder/ => C:\Users\phung\.stmcufinder\plugins\mcufinder
2024-11-17 19:02:48,722 [INFO] ApiDb:250 - Set database path to: C:\Users\phung\.stmcufinder\plugins\mcufinder//mcu/
2024-11-17 19:02:48,722 [WARN] DbFile:41 - Overriding database path with different value: C:\Users\phung\.stmcufinder\plugins\mcufinder/ => C:\Users\phung\.stmcufinder\plugins\mcufinder
2024-11-17 19:02:48,723 [INFO] DbMcusAds:125 - Set database path to: C:\Users\phung\.stmcufinder\plugins\mcufinder//mcu/
2024-11-17 19:02:48,723 [WARN] DbFile:41 - Overriding database path with different value: C:\Users\phung\.stmcufinder\plugins\mcufinder/ => C:\Users\phung\.stmcufinder\plugins\mcufinder
2024-11-17 19:02:48,723 [WARN] DbFile:41 - Overriding database path with different value: C:\Users\phung\.stmcufinder\plugins\mcufinder/ => C:\Users\phung\.stmcufinder\plugins\mcufinder
2024-11-17 19:02:48,723 [INFO] CrossReferenceDbSqlite:203 - Set database path to: C:\Users\phung\.stmcufinder\plugins\mcufinder//mcu/cs/
2024-11-17 19:02:48,829 [INFO] MainPanel:264 - HeapMemory: 268435456
2024-11-17 19:02:48,958 [INFO] DbMcusXml:78 - Set database path to: C:\Users\phung\STM32\STM32CubeIDE_1.14.0\STM32CubeIDE\plugins\com.st.stm32cube.common.mx_6.10.0.202311202037\\db\/mcu/
2024-11-17 19:02:48,959 [INFO] ApiDb:274 - Set plugin database path to: C:\Users\phung\STM32\STM32CubeIDE_1.14.0\STM32CubeIDE\plugins\com.st.stm32cube.common.mx_6.10.0.202311202037\\db\/plugins/boardmanager/
2024-11-17 19:02:48,959 [INFO] ApiDb:261 - Set plugin images path to: C:\Users\phung\STM32\STM32CubeIDE_1.14.0\STM32CubeIDE\plugins\com.st.stm32cube.common.mx_6.10.0.202311202037\\db\/plugins/mcufinder/images/
2024-11-17 19:02:48,959 [WARN] DbFile:41 - Overriding database path with different value: C:\Users\phung\.stmcufinder\plugins\mcufinder/ => C:\Users\phung\.stmcufinder\plugins\mcufinder
2024-11-17 19:02:48,959 [INFO] ApiDb:250 - Set database path to: C:\Users\phung\.stmcufinder\plugins\mcufinder//mcu/
2024-11-17 19:02:48,959 [WARN] DbFile:41 - Overriding database path with different value: C:\Users\phung\.stmcufinder\plugins\mcufinder/ => C:\Users\phung\.stmcufinder\plugins\mcufinder
2024-11-17 19:02:48,960 [INFO] DbMcusAds:125 - Set database path to: C:\Users\phung\.stmcufinder\plugins\mcufinder//mcu/
2024-11-17 19:02:48,960 [WARN] DbFile:41 - Overriding database path with different value: C:\Users\phung\.stmcufinder\plugins\mcufinder/ => C:\Users\phung\.stmcufinder\plugins\mcufinder
2024-11-17 19:02:48,960 [WARN] DbFile:41 - Overriding database path with different value: C:\Users\phung\.stmcufinder\plugins\mcufinder/ => C:\Users\phung\.stmcufinder\plugins\mcufinder
2024-11-17 19:02:48,960 [INFO] CrossReferenceDbSqlite:203 - Set database path to: C:\Users\phung\.stmcufinder\plugins\mcufinder//mcu/cs/
2024-11-17 19:02:48,991 [INFO] ApplicationProperties:184 - Using Application install path: C:\Users\phung\STM32\STM32CubeIDE_1.14.0\STM32CubeIDE\plugins\com.st.stm32cube.common.mx_6.10.0.202311202037
2024-11-17 19:02:48,994 [INFO] PluginManage:196 - Search for loadable plugins [exclusion list=, ]
2024-11-17 19:02:48,997 [INFO] PluginManage:310 - Check plugin analytics
2024-11-17 19:02:54,296 [INFO] AnalyticsPlugin:253 - Accepted Software Licenses: STM32CubeMX.6.10.0
2024-11-17 19:02:54,297 [INFO] AnalyticsPlugin:255 - Accepted CMSIS Pack Licenses: 
2024-11-17 19:02:54,297 [INFO] AnalyticsPlugin:257 - Accepted Firmware Licenses: FW.F7.1.17.0
2024-11-17 19:02:54,308 [INFO] PluginManage:359 - Loaded plugin analytics (category:tool,tabindex:-1)
2024-11-17 19:02:54,309 [INFO] PluginManage:310 - Check plugin cadmodel
2024-11-17 19:02:54,320 [INFO] CADModel:105 - Init CAD model plugin
2024-11-17 19:02:54,320 [INFO] PluginManage:359 - Loaded plugin cadmodel (category:power,tabindex:5)
2024-11-17 19:02:54,320 [INFO] PluginManage:310 - Check plugin clock
2024-11-17 19:02:54,346 [INFO] PluginManage:359 - Loaded plugin clock (category:base,tabindex:2)
2024-11-17 19:02:54,346 [INFO] PluginManage:310 - Check plugin ddr
2024-11-17 19:02:54,354 [INFO] PluginManage:359 - Loaded plugin ddr (category:tool,tabindex:6)
2024-11-17 19:02:54,354 [INFO] PluginManage:310 - Check plugin filemanager
2024-11-17 19:02:54,590 [INFO] PluginManage:359 - Loaded plugin filemanager (category:base,tabindex:10)
2024-11-17 19:02:54,590 [INFO] PluginManage:310 - Check plugin ipmanager
2024-11-17 19:02:54,609 [INFO] PluginManage:359 - Loaded plugin ipmanager (category:base,tabindex:5)
2024-11-17 19:02:54,610 [INFO] PluginManage:310 - Check plugin lpbam
2024-11-17 19:02:54,633 [INFO] PluginManage:359 - Loaded plugin lpbam (category:base,tabindex:0)
2024-11-17 19:02:54,634 [INFO] PluginManage:310 - Check plugin memorymap
2024-11-17 19:02:54,662 [INFO] PluginManage:359 - Loaded plugin memorymap (category:base,tabindex:4)
2024-11-17 19:02:54,662 [INFO] PluginManage:310 - Check plugin pinoutandconfiguration
2024-11-17 19:02:54,683 [INFO] PluginManage:359 - Loaded plugin pinoutandconfiguration (category:base,tabindex:1)
2024-11-17 19:02:54,684 [INFO] PluginManage:310 - Check plugin pinoutconfig
2024-11-17 19:02:54,889 [WARN] SupportedApi:132 - Cannot load RTOS API schema: s4s-elt-must-match.1: The content of 'definitions' must match (annotation?, (simpleType | complexType)?, (unique | key | keyref)*)). A problem was found starting at: attribute.
2024-11-17 19:02:55,150 [INFO] PluginManage:359 - Loaded plugin pinoutconfig (category:base,tabindex:0)
2024-11-17 19:02:55,150 [INFO] PluginManage:310 - Check plugin power
2024-11-17 19:02:55,168 [INFO] PluginManage:359 - Loaded plugin power (category:power,tabindex:4)
2024-11-17 19:02:55,168 [INFO] PluginManage:310 - Check plugin projectmanager
2024-11-17 19:02:55,197 [INFO] PluginManage:359 - Loaded plugin projectmanager (category:projectmanager,tabindex:3)
2024-11-17 19:02:55,197 [INFO] PluginManage:310 - Check plugin thirdparty
2024-11-17 19:02:55,435 [INFO] PluginManage:359 - Loaded plugin thirdparty (category:base,tabindex:-1)
2024-11-17 19:02:55,435 [WARN] IntegrityCheckThread:84 - waiting for thirdparty lock release [integrity check]
2024-11-17 19:02:55,435 [INFO] PluginManage:310 - Check plugin tools
2024-11-17 19:02:55,435 [INFO] IntegrityCheckThread:86 - entering critical section [integrity check]
2024-11-17 19:02:55,436 [INFO] ThirdPartyUpdaterWithRetryManager:70 - Updater plugin not ready yet. [1/15]
2024-11-17 19:02:55,438 [INFO] PluginManage:359 - Loaded plugin tools (category:base,tabindex:7)
2024-11-17 19:02:55,438 [INFO] PluginManage:310 - Check plugin tutovideos
2024-11-17 19:02:55,735 [INFO] PluginManage:359 - Loaded plugin tutovideos (category:base,tabindex:-1)
2024-11-17 19:02:55,735 [INFO] PluginManage:310 - Check plugin updater
2024-11-17 19:02:55,753 [INFO] PluginManage:359 - Loaded plugin updater (category:base,tabindex:12)
2024-11-17 19:02:55,754 [INFO] PluginManage:310 - Check plugin userauth
2024-11-17 19:02:55,763 [INFO] UserAuth:114 - Init User Auth plugin
2024-11-17 19:02:55,764 [INFO] PluginManage:359 - Loaded plugin userauth (category:base,tabindex:14)
2024-11-17 19:02:55,764 [INFO] PluginManage:283 - PluginManage : Loaded plugins [17]
2024-11-17 19:02:56,148 [INFO] PinOutPanel:1499 - setPackage(No Configuration,No Configuration)
2024-11-17 19:02:56,323 [INFO] CADModel:165 - CPN selected for project level
2024-11-17 19:02:56,325 [INFO] CADModel:114 - Register for checkConnection events
2024-11-17 19:02:56,350 [INFO] IPUIPlugin:80 - create IPUIPlugin
2024-11-17 19:02:56,350 [INFO] PluginManager:220 - loadIPPluginJar : add adc
2024-11-17 19:02:56,354 [INFO] IPUIPlugin:80 - create IPUIPlugin
2024-11-17 19:02:56,354 [INFO] PluginManager:220 - loadIPPluginJar : add aes
2024-11-17 19:02:56,358 [INFO] IPUIPlugin:80 - create IPUIPlugin
2024-11-17 19:02:56,358 [INFO] PluginManager:220 - loadIPPluginJar : add can
2024-11-17 19:02:56,361 [INFO] IPUIPlugin:80 - create IPUIPlugin
2024-11-17 19:02:56,361 [INFO] PluginManager:220 - loadIPPluginJar : add comp
2024-11-17 19:02:56,366 [INFO] IPUIPlugin:80 - create IPUIPlugin
2024-11-17 19:02:56,366 [INFO] PluginManager:220 - loadIPPluginJar : add cryp
2024-11-17 19:02:56,369 [INFO] IPUIPlugin:80 - create IPUIPlugin
2024-11-17 19:02:56,369 [INFO] PluginManager:220 - loadIPPluginJar : add dfsdm
2024-11-17 19:02:56,377 [INFO] IPUIPlugin:80 - create IPUIPlugin
2024-11-17 19:02:56,378 [INFO] PluginManager:220 - loadIPPluginJar : add dma
2024-11-17 19:02:56,382 [INFO] IPUIPlugin:80 - create IPUIPlugin
2024-11-17 19:02:56,382 [INFO] PluginManager:220 - loadIPPluginJar : add dma3
2024-11-17 19:02:56,385 [INFO] IPUIPlugin:80 - create IPUIPlugin
2024-11-17 19:02:56,385 [INFO] PluginManager:220 - loadIPPluginJar : add fatfs
2024-11-17 19:02:56,391 [INFO] IPUIPlugin:80 - create IPUIPlugin
2024-11-17 19:02:56,391 [INFO] PluginManager:220 - loadIPPluginJar : add fmc
2024-11-17 19:02:56,400 [INFO] IPUIPlugin:80 - create IPUIPlugin
2024-11-17 19:02:56,400 [INFO] PluginManager:220 - loadIPPluginJar : add freertos
2024-11-17 19:02:56,402 [INFO] IPUIPlugin:80 - create IPUIPlugin
2024-11-17 19:02:56,402 [INFO] PluginManager:220 - loadIPPluginJar : add genericplugin
2024-11-17 19:02:56,406 [INFO] IPUIPlugin:80 - create IPUIPlugin
2024-11-17 19:02:56,406 [INFO] PluginManager:220 - loadIPPluginJar : add gfxmmu
2024-11-17 19:02:56,416 [INFO] IPUIPlugin:80 - create IPUIPlugin
2024-11-17 19:02:56,416 [INFO] PluginManager:220 - loadIPPluginJar : add gic
2024-11-17 19:02:56,422 [INFO] IPUIPlugin:80 - create IPUIPlugin
2024-11-17 19:02:56,422 [INFO] PluginManager:220 - loadIPPluginJar : add gpio
2024-11-17 19:02:56,428 [INFO] IPUIPlugin:80 - create IPUIPlugin
2024-11-17 19:02:56,428 [INFO] PluginManager:220 - loadIPPluginJar : add gtzc
2024-11-17 19:02:56,433 [INFO] IPUIPlugin:80 - create IPUIPlugin
2024-11-17 19:02:56,433 [INFO] PluginManager:220 - loadIPPluginJar : add hash
2024-11-17 19:02:56,438 [INFO] IPUIPlugin:80 - create IPUIPlugin
2024-11-17 19:02:56,438 [INFO] PluginManager:220 - loadIPPluginJar : add i2c
2024-11-17 19:02:56,443 [INFO] IPUIPlugin:80 - create IPUIPlugin
2024-11-17 19:02:56,443 [INFO] PluginManager:220 - loadIPPluginJar : add i2s
2024-11-17 19:02:56,449 [INFO] IPUIPlugin:80 - create IPUIPlugin
2024-11-17 19:02:56,449 [INFO] PluginManager:220 - loadIPPluginJar : add i3c
2024-11-17 19:02:56,460 [INFO] IPUIPlugin:80 - create IPUIPlugin
2024-11-17 19:02:56,460 [INFO] PluginManager:220 - loadIPPluginJar : add ipddr
2024-11-17 19:02:56,473 [INFO] IPUIPlugin:80 - create IPUIPlugin
2024-11-17 19:02:56,474 [INFO] PluginManager:220 - loadIPPluginJar : add linkedlist
2024-11-17 19:02:56,479 [INFO] IPUIPlugin:80 - create IPUIPlugin
2024-11-17 19:02:56,480 [INFO] PluginManager:220 - loadIPPluginJar : add lorawan
2024-11-17 19:02:56,483 [INFO] IPUIPlugin:80 - create IPUIPlugin
2024-11-17 19:02:56,484 [INFO] PluginManager:220 - loadIPPluginJar : add ltdc
2024-11-17 19:02:56,494 [INFO] IPUIPlugin:80 - create IPUIPlugin
2024-11-17 19:02:56,495 [INFO] PluginManager:220 - loadIPPluginJar : add mdma
2024-11-17 19:02:56,504 [INFO] IPUIPlugin:80 - create IPUIPlugin
2024-11-17 19:02:56,504 [INFO] PluginManager:220 - loadIPPluginJar : add nvic
2024-11-17 19:02:56,510 [INFO] IPUIPlugin:80 - create IPUIPlugin
2024-11-17 19:02:56,511 [INFO] PluginManager:220 - loadIPPluginJar : add opamp
2024-11-17 19:02:56,519 [INFO] IPUIPlugin:80 - create IPUIPlugin
2024-11-17 19:02:56,519 [INFO] PluginManager:220 - loadIPPluginJar : add openamp
2024-11-17 19:02:56,526 [INFO] IPUIPlugin:80 - create IPUIPlugin
2024-11-17 19:02:56,527 [INFO] PluginManager:220 - loadIPPluginJar : add pdm2pcm
2024-11-17 19:02:56,541 [INFO] IPUIPlugin:80 - create IPUIPlugin
2024-11-17 19:02:56,548 [INFO] PluginManager:220 - loadIPPluginJar : add plateformsettings
2024-11-17 19:02:56,552 [INFO] IPUIPlugin:80 - create IPUIPlugin
2024-11-17 19:02:56,553 [INFO] PluginManager:220 - loadIPPluginJar : add quadspi
2024-11-17 19:02:56,561 [INFO] IPUIPlugin:80 - create IPUIPlugin
2024-11-17 19:02:56,561 [INFO] PluginManager:220 - loadIPPluginJar : add resmgrutility
2024-11-17 19:02:56,569 [INFO] IPUIPlugin:80 - create IPUIPlugin
2024-11-17 19:02:56,569 [INFO] PluginManager:220 - loadIPPluginJar : add sai
2024-11-17 19:02:56,576 [INFO] IPUIPlugin:80 - create IPUIPlugin
2024-11-17 19:02:56,576 [INFO] PluginManager:220 - loadIPPluginJar : add spi
2024-11-17 19:02:56,588 [INFO] IPUIPlugin:80 - create IPUIPlugin
2024-11-17 19:02:56,589 [INFO] PluginManager:220 - loadIPPluginJar : add stm32_wpan
2024-11-17 19:02:56,593 [INFO] IPUIPlugin:80 - create IPUIPlugin
2024-11-17 19:02:56,593 [INFO] PluginManager:220 - loadIPPluginJar : add tim
2024-11-17 19:02:56,601 [INFO] IPUIPlugin:80 - create IPUIPlugin
2024-11-17 19:02:56,602 [INFO] PluginManager:220 - loadIPPluginJar : add touchsensing
2024-11-17 19:02:56,607 [INFO] IPUIPlugin:80 - create IPUIPlugin
2024-11-17 19:02:56,607 [INFO] PluginManager:220 - loadIPPluginJar : add tracer_emb
2024-11-17 19:02:56,610 [INFO] IPUIPlugin:80 - create IPUIPlugin
2024-11-17 19:02:56,611 [INFO] PluginManager:220 - loadIPPluginJar : add ts
2024-11-17 19:02:56,613 [INFO] IPUIPlugin:80 - create IPUIPlugin
2024-11-17 19:02:56,613 [INFO] PluginManager:220 - loadIPPluginJar : add tsc
2024-11-17 19:02:56,617 [INFO] IPUIPlugin:80 - create IPUIPlugin
2024-11-17 19:02:56,617 [INFO] PluginManager:220 - loadIPPluginJar : add ucpd
2024-11-17 19:02:56,624 [INFO] IPUIPlugin:80 - create IPUIPlugin
2024-11-17 19:02:56,624 [INFO] PluginManager:220 - loadIPPluginJar : add usart
2024-11-17 19:02:56,631 [INFO] IPUIPlugin:80 - create IPUIPlugin
2024-11-17 19:02:56,631 [INFO] PluginManager:220 - loadIPPluginJar : add usbx
2024-11-17 19:02:56,831 [INFO] CADModel:165 - CPN selected for project level
2024-11-17 19:02:56,831 [INFO] CADModel:114 - Register for checkConnection events
2024-11-17 19:02:56,832 [FATAL] Updater:308 - Updater called before beeing initialized
2024-11-17 19:02:56,832 [ERROR] CADModel:125 - Updater not yet initialized, retry later 
2024-11-17 19:02:57,068 [INFO] CADModel:165 - CPN selected for project level
2024-11-17 19:02:57,068 [INFO] CADModel:114 - Register for checkConnection events
2024-11-17 19:02:57,068 [FATAL] Updater:308 - Updater called before beeing initialized
2024-11-17 19:02:57,068 [ERROR] CADModel:125 - Updater not yet initialized, retry later 
2024-11-17 19:02:57,075 [FATAL] Updater:308 - Updater called before beeing initialized
2024-11-17 19:02:57,268 [FATAL] Updater:308 - Updater called before beeing initialized
2024-11-17 19:02:57,275 [INFO] DbMcusAds:53 - JSON generation date=Fri Sep 20 20:04:38 ICT 2024 (1726837478367)
2024-11-17 19:02:57,275 [FATAL] Updater:308 - Updater called before beeing initialized
2024-11-17 19:02:57,325 [WARN] DetailPanel:346 - Failed to get advertising image, set to default
2024-11-17 19:02:57,430 [FATAL] Updater:308 - Updater called before beeing initialized
2024-11-17 19:02:57,433 [FATAL] Updater:308 - Updater called before beeing initialized
2024-11-17 19:02:57,433 [FATAL] Updater:308 - Updater called before beeing initialized
2024-11-17 19:02:57,434 [WARN] DetailPanel:346 - Failed to get advertising image, set to default
2024-11-17 19:02:57,434 [FATAL] Updater:308 - Updater called before beeing initialized
2024-11-17 19:02:57,640 [ERROR] Updater:1120 - MainUpdater not yet initialized. External WinMGr cannot be set.
2024-11-17 19:02:57,646 [INFO] Updater:1056 - Updater Version found : 6.10.0
2024-11-17 19:02:57,699 [INFO] ApplicationProperties:184 - Using Application install path: C:\Users\phung\STM32\STM32CubeIDE_1.14.0\STM32CubeIDE\plugins\com.st.stm32cube.common.mx_6.10.0.202311202037
2024-11-17 19:02:58,446 [INFO] ThirdPartyUpdaterWithRetryManager:70 - Updater plugin not ready yet. [2/15]
2024-11-17 19:02:59,352 [ERROR] LogOutputStream:75 - [STDERR_REDIRECT] Nov 17, 2024 7:02:59 PM java.util.prefs.WindowsPreferences <init>
2024-11-17 19:02:59,360 [ERROR] LogOutputStream:75 - [STDERR_REDIRECT] WARNING: Could not open/create prefs root node Software\JavaSoft\Prefs at root 0xffffffff80000002. Windows RegCreateKeyEx(...) returned error code 5.
2024-11-17 19:02:59,362 [ERROR] LogOutputStream:75 - [STDERR_REDIRECT] 
2024-11-17 19:02:59,971 [INFO] MainUpdater:2873 - connection check result : 10
2024-11-17 19:02:59,973 [INFO] MainUpdater:290 - Updater Check For Update Now.
2024-11-17 19:02:59,973 [INFO] MicroXplorer:498 - Change Database Version : DB.6.0.100
2024-11-17 19:02:59,984 [INFO] McuFinderGlobals:63 - Set McuFinder mode to 2 (CubeIDE integrated)
2024-11-17 19:02:59,985 [INFO] UserAuth:180 - activating auth plugin
2024-11-17 19:02:59,989 [INFO] UserAuth:404 - Internet connection configuration mode: 1
2024-11-17 19:03:00,019 [INFO] JxBrowserEngine:152 - Initiate JxBrowser Engine with user profile folder
2024-11-17 19:03:00,202 [INFO] CheckServerUpdateThread:120 - End of CheckServer Thread
2024-11-17 19:03:01,770 [INFO] WebApp:161 - Instantiating new browser for Auth
2024-11-17 19:03:01,950 [WARN] PackLoader:240 - Cannot read IP mode file for STMicroelectronics.FP-SNS-MOTENVWB1.1.4.0
2024-11-17 19:03:01,974 [WARN] PackLoader:240 - Cannot read IP mode file for STMicroelectronics.FP-ATR-ASTRA1.2.0.1
2024-11-17 19:03:01,992 [WARN] PackLoader:240 - Cannot read IP mode file for STMicroelectronics.X-CUBE-SMBUS.2.1.0
2024-11-17 19:03:02,007 [WARN] PackLoader:240 - Cannot read IP mode file for STMicroelectronics.X-CUBE-WB05N.1.1.0
2024-11-17 19:03:02,056 [WARN] PackLoader:240 - Cannot read IP mode file for STMicroelectronics.X-CUBE-AZRTOS-F7.1.1.0
2024-11-17 19:03:02,205 [WARN] PackLoader:240 - Cannot read IP mode file for STMicroelectronics.X-CUBE-MEMS1.11.0.0
2024-11-17 19:03:02,460 [WARN] PackLoader:240 - Cannot read IP mode file for STMicroelectronics.FP-SNS-FLIGHT1.5.0.2
2024-11-17 19:03:02,475 [WARN] PackLoader:240 - Cannot read IP mode file for STMicroelectronics.X-CUBE-DISPLAY.3.0.0
2024-11-17 19:03:02,496 [WARN] PackLoader:240 - Cannot read IP mode file for STMicroelectronics.X-CUBE-BLE1.7.0.0
2024-11-17 19:03:02,509 [WARN] PackLoader:240 - Cannot read IP mode file for STMicroelectronics.X-CUBE-NFC10.1.0.0
2024-11-17 19:03:02,523 [WARN] PackLoader:240 - Cannot read IP mode file for emotas.I-CUBE-CANOPEN.1.3.0
2024-11-17 19:03:02,547 [WARN] PackLoader:240 - Cannot read IP mode file for STMicroelectronics.X-CUBE-BLEMGR.3.1.0
2024-11-17 19:03:02,561 [WARN] PackLoader:240 - Cannot read IP mode file for STMicroelectronics.FP-SNS-SMARTAG2.1.2.0
2024-11-17 19:03:02,579 [INFO] LogOutputStream:77 - [STDOUT_REDIRECT] 1 : Invalid condition id : UX_CORESTACK_Condition cause : null
2024-11-17 19:03:02,581 [INFO] LogOutputStream:77 - [STDOUT_REDIRECT] 1 : Invalid condition id : UX_CORESTACK_Condition cause : null
2024-11-17 19:03:02,582 [INFO] LogOutputStream:77 - [STDOUT_REDIRECT] 1 : Invalid condition id : UX_CORESTACK_Condition cause : null
2024-11-17 19:03:02,586 [INFO] LogOutputStream:77 - [STDOUT_REDIRECT] 1 : Invalid condition id : UX_CORESTACK_Condition cause : null
2024-11-17 19:03:02,591 [INFO] LogOutputStream:77 - [STDOUT_REDIRECT] 1 : Invalid condition id : UX_CORESTACK_Condition cause : null
2024-11-17 19:03:02,598 [WARN] PackLoader:240 - Cannot read IP mode file for STMicroelectronics.X-CUBE-AZRTOS-WL.2.0.0
2024-11-17 19:03:02,612 [WARN] PackLoader:240 - Cannot read IP mode file for STMicroelectronics.FP-SNS-MOTENV1.5.0.0
2024-11-17 19:03:02,624 [WARN] PackLoader:240 - Cannot read IP mode file for wolfSSL.I-CUBE-wolfMQTT.1.19.0
2024-11-17 19:03:02,642 [WARN] PackLoader:240 - Cannot read IP mode file for WES.I-CUBE-Cesium.1.3.0
2024-11-17 19:03:02,652 [WARN] PackLoader:240 - Cannot read IP mode file for STMicroelectronics.X-CUBE-BLE2.3.3.0
2024-11-17 19:03:02,668 [WARN] PackLoader:240 - Cannot read IP mode file for STMicroelectronics.X-CUBE-NFC9.1.0.0
2024-11-17 19:03:02,684 [WARN] PackLoader:240 - Cannot read IP mode file for STMicroelectronics.X-CUBE-TCPP.4.1.0
2024-11-17 19:03:02,715 [WARN] PackLoader:240 - Cannot read IP mode file for STMicroelectronics.X-CUBE-AZRTOS-G0.1.1.0
2024-11-17 19:03:02,742 [WARN] PackLoader:240 - Cannot read IP mode file for STMicroelectronics.X-CUBE-SAFEA1.1.2.2
2024-11-17 19:03:02,755 [WARN] PackLoader:240 - Cannot read IP mode file for STMicroelectronics.X-CUBE-NFC4.3.0.0
2024-11-17 19:03:02,776 [WARN] PackLoader:240 - Cannot read IP mode file for EmbeddedOffice.I-CUBE-FS-RTOS.1.0.1
2024-11-17 19:03:02,777 [ERROR] ConditionMgr:805 - Attr not supported : Dmpu
2024-11-17 19:03:02,778 [ERROR] ConditionMgr:805 - Attr not supported : Dmpu
2024-11-17 19:03:02,778 [ERROR] ConditionMgr:805 - Attr not supported : Dmpu
2024-11-17 19:03:02,778 [ERROR] ConditionMgr:805 - Attr not supported : Dmpu
2024-11-17 19:03:02,778 [ERROR] ConditionMgr:805 - Attr not supported : Dmpu
2024-11-17 19:03:02,778 [ERROR] ConditionMgr:805 - Attr not supported : Dmpu
2024-11-17 19:03:02,778 [ERROR] ConditionMgr:805 - Attr not supported : Dmpu
2024-11-17 19:03:02,779 [ERROR] ConditionMgr:805 - Attr not supported : Dmpu
2024-11-17 19:03:02,779 [ERROR] ConditionMgr:805 - Attr not supported : Dmpu
2024-11-17 19:03:02,779 [ERROR] ConditionMgr:805 - Attr not supported : Dmpu
2024-11-17 19:03:02,779 [ERROR] ConditionMgr:805 - Attr not supported : Dmpu
2024-11-17 19:03:02,779 [ERROR] ConditionMgr:805 - Attr not supported : Dmpu
2024-11-17 19:03:02,780 [ERROR] ConditionMgr:805 - Attr not supported : Dmpu
2024-11-17 19:03:02,780 [ERROR] ConditionMgr:805 - Attr not supported : Dmpu
2024-11-17 19:03:02,781 [ERROR] ConditionMgr:805 - Attr not supported : Dmpu
2024-11-17 19:03:02,783 [ERROR] ConditionMgr:805 - Attr not supported : Dmpu
2024-11-17 19:03:02,783 [ERROR] ConditionMgr:805 - Attr not supported : Dmpu
2024-11-17 19:03:02,783 [ERROR] ConditionMgr:805 - Attr not supported : Dmpu
2024-11-17 19:03:02,784 [ERROR] ConditionMgr:805 - Attr not supported : Dmpu
2024-11-17 19:03:02,784 [ERROR] ConditionMgr:805 - Attr not supported : Dmpu
2024-11-17 19:03:02,784 [ERROR] ConditionMgr:805 - Attr not supported : Dmpu
2024-11-17 19:03:02,784 [ERROR] ConditionMgr:805 - Attr not supported : Dmpu
2024-11-17 19:03:02,785 [ERROR] ConditionMgr:805 - Attr not supported : Dmpu
2024-11-17 19:03:02,788 [ERROR] ConditionMgr:805 - Attr not supported : Dmpu
2024-11-17 19:03:02,792 [ERROR] ConditionMgr:805 - Attr not supported : Dmpu
2024-11-17 19:03:02,794 [ERROR] ConditionMgr:805 - Attr not supported : Dmpu
2024-11-17 19:03:02,797 [ERROR] ConditionMgr:805 - Attr not supported : Dmpu
2024-11-17 19:03:02,797 [ERROR] ConditionMgr:805 - Attr not supported : Dmpu
2024-11-17 19:03:02,797 [ERROR] ConditionMgr:805 - Attr not supported : Dmpu
2024-11-17 19:03:02,797 [ERROR] ConditionMgr:805 - Attr not supported : Dmpu
2024-11-17 19:03:02,797 [ERROR] ConditionMgr:805 - Attr not supported : Dmpu
2024-11-17 19:03:02,798 [ERROR] ConditionMgr:805 - Attr not supported : Dmpu
2024-11-17 19:03:02,798 [ERROR] ConditionMgr:805 - Attr not supported : Dmpu
2024-11-17 19:03:02,798 [ERROR] ConditionMgr:805 - Attr not supported : Dmpu
2024-11-17 19:03:02,798 [ERROR] ConditionMgr:805 - Attr not supported : Dmpu
2024-11-17 19:03:02,798 [ERROR] ConditionMgr:805 - Attr not supported : Dmpu
2024-11-17 19:03:02,798 [ERROR] ConditionMgr:805 - Attr not supported : Dmpu
2024-11-17 19:03:02,798 [ERROR] ConditionMgr:805 - Attr not supported : Dmpu
2024-11-17 19:03:02,799 [ERROR] ConditionMgr:805 - Attr not supported : Dmpu
2024-11-17 19:03:02,799 [ERROR] ConditionMgr:805 - Attr not supported : Dmpu
2024-11-17 19:03:02,800 [ERROR] ConditionMgr:805 - Attr not supported : Dmpu
2024-11-17 19:03:02,800 [ERROR] ConditionMgr:805 - Attr not supported : Dmpu
2024-11-17 19:03:02,800 [ERROR] ConditionMgr:805 - Attr not supported : Dmpu
2024-11-17 19:03:02,800 [ERROR] ConditionMgr:805 - Attr not supported : Dmpu
2024-11-17 19:03:02,800 [ERROR] ConditionMgr:805 - Attr not supported : Dmpu
2024-11-17 19:03:02,800 [ERROR] ConditionMgr:805 - Attr not supported : Dmpu
2024-11-17 19:03:02,800 [ERROR] ConditionMgr:805 - Attr not supported : Dmpu
2024-11-17 19:03:02,800 [ERROR] ConditionMgr:805 - Attr not supported : Dmpu
2024-11-17 19:03:02,800 [ERROR] ConditionMgr:805 - Attr not supported : Dmpu
2024-11-17 19:03:02,800 [ERROR] ConditionMgr:805 - Attr not supported : Dmpu
2024-11-17 19:03:02,800 [ERROR] ConditionMgr:805 - Attr not supported : Dmpu
2024-11-17 19:03:02,800 [ERROR] ConditionMgr:805 - Attr not supported : Dmpu
2024-11-17 19:03:02,800 [ERROR] ConditionMgr:805 - Attr not supported : Dmpu
2024-11-17 19:03:02,800 [ERROR] ConditionMgr:805 - Attr not supported : Dmpu
2024-11-17 19:03:02,802 [ERROR] ConditionMgr:805 - Attr not supported : Dmpu
2024-11-17 19:03:02,806 [ERROR] ConditionMgr:805 - Attr not supported : Dmpu
2024-11-17 19:03:02,806 [ERROR] ConditionMgr:805 - Attr not supported : Dmpu
2024-11-17 19:03:02,806 [ERROR] ConditionMgr:805 - Attr not supported : Dmpu
2024-11-17 19:03:02,806 [ERROR] ConditionMgr:805 - Attr not supported : Dmpu
2024-11-17 19:03:02,806 [ERROR] ConditionMgr:805 - Attr not supported : Dmpu
2024-11-17 19:03:02,806 [ERROR] ConditionMgr:805 - Attr not supported : Dmpu
2024-11-17 19:03:02,806 [ERROR] ConditionMgr:805 - Attr not supported : Dmpu
2024-11-17 19:03:02,806 [ERROR] ConditionMgr:805 - Attr not supported : Dmpu
2024-11-17 19:03:02,806 [ERROR] ConditionMgr:805 - Attr not supported : Dmpu
2024-11-17 19:03:02,816 [WARN] PackLoader:240 - Cannot read IP mode file for RealThread.X-CUBE-RT-Thread_Nano.4.1.1
2024-11-17 19:03:02,828 [WARN] PackLoader:240 - Cannot read IP mode file for STMicroelectronics.FP-ATR-SIGFOX1.3.2.0
2024-11-17 19:03:02,836 [WARN] PackLoader:240 - Cannot read IP mode file for wolfSSL.I-CUBE-wolfSSL.5.7.2
2024-11-17 19:03:02,843 [WARN] ConditionMgr:438 - getConditionDescription Invalid condition id : Cortex-A Device cause : null
2024-11-17 19:03:02,930 [WARN] ConditionMgr:1039 - genDependencies : Invalid condition id : Cortex-A Device cause : null
2024-11-17 19:03:02,930 [WARN] ConditionMgr:1039 - genDependencies : Invalid condition id : Cortex-A Device cause : null
2024-11-17 19:03:02,931 [WARN] ConditionMgr:1039 - genDependencies : Invalid condition id : Cortex-A Device cause : null
2024-11-17 19:03:02,947 [WARN] PackLoader:240 - Cannot read IP mode file for STMicroelectronics.X-CUBE-EEPRMA1.5.1.0
2024-11-17 19:03:02,966 [WARN] PackLoader:240 - Cannot read IP mode file for ITTIA_DB.I-CUBE-ITTIADB.8.9.0
2024-11-17 19:03:03,046 [WARN] PackLoader:240 - Cannot read IP mode file for SEGGER.I-CUBE-embOS.1.3.1
2024-11-17 19:03:03,148 [WARN] PackLoader:240 - Cannot read IP mode file for STMicroelectronics.X-CUBE-ALGOBUILD.1.4.0
2024-11-17 19:03:03,156 [WARN] PackLoader:240 - Cannot read IP mode file for STMicroelectronics.X-CUBE-AI.9.1.0
2024-11-17 19:03:03,215 [WARN] PackLoader:240 - Cannot read IP mode file for STMicroelectronics.X-CUBE-AZRTOS-F4.1.1.0
2024-11-17 19:03:03,229 [WARN] PackLoader:240 - Cannot read IP mode file for STMicroelectronics.X-CUBE-ISPU.2.1.0
2024-11-17 19:03:03,266 [WARN] PackLoader:240 - Cannot read IP mode file for STMicroelectronics.X-CUBE-FREERTOS.1.2.0
2024-11-17 19:03:03,294 [WARN] PackLoader:240 - Cannot read IP mode file for STMicroelectronics.X-CUBE-AZRTOS-L5.2.0.0
2024-11-17 19:03:03,318 [WARN] PackLoader:240 - Cannot read IP mode file for STMicroelectronics.X-CUBE-NFC6.3.1.0
2024-11-17 19:03:03,333 [WARN] PackLoader:240 - Cannot read IP mode file for STMicroelectronics.X-CUBE-DPower.1.2.0
2024-11-17 19:03:03,347 [WARN] PackLoader:240 - Cannot read IP mode file for STMicroelectronics.X-CUBE-NFC7.1.0.1
2024-11-17 19:03:03,393 [WARN] ConditionMgr:438 - getConditionDescription Invalid condition id : LAN8742 Phy interface Condition cause : null
2024-11-17 19:03:03,396 [WARN] PackLoader:240 - Cannot read IP mode file for STMicroelectronics.X-CUBE-AZRTOS-L4.2.0.0
2024-11-17 19:03:03,400 [WARN] ConditionMgr:1039 - genDependencies : Invalid condition id : LAN8742 Phy interface Condition cause : null
2024-11-17 19:03:03,404 [WARN] ConditionMgr:1039 - genDependencies : Invalid condition id : LAN8742 Phy interface Condition cause : null
2024-11-17 19:03:03,407 [WARN] ConditionMgr:1039 - genDependencies : Invalid condition id : LAN8742 Phy interface Condition cause : null
2024-11-17 19:03:03,426 [WARN] PackLoader:240 - Cannot read IP mode file for STMicroelectronics.X-CUBE-SFXS2LP1.4.0.0
2024-11-17 19:03:03,472 [INFO] WebApp:780 - Register for checkConnection events
2024-11-17 19:03:03,473 [INFO] WebApp:414 - Apply proxy settings
2024-11-17 19:03:03,473 [INFO] WebApp:499 - Chromium requires no authentication
2024-11-17 19:03:03,482 [WARN] PackLoader:240 - Cannot read IP mode file for STMicroelectronics.X-CUBE-AZRTOS-H7.3.3.0
2024-11-17 19:03:03,493 [INFO] WebApp:442 - Direct internet connection detected
2024-11-17 19:03:03,512 [WARN] PackLoader:240 - Cannot read IP mode file for STMicroelectronics.X-CUBE-IPS.3.0.0
2024-11-17 19:03:03,561 [WARN] ConditionMgr:438 - getConditionDescription Invalid condition id : UX DEVICE CLASS RTOS Condition cause : null
2024-11-17 19:03:03,562 [WARN] ConditionMgr:438 - getConditionDescription Invalid condition id : UX DEVICE CLASS RTOS Condition cause : null
2024-11-17 19:03:03,570 [WARN] PackLoader:240 - Cannot read IP mode file for STMicroelectronics.X-CUBE-AZRTOS-WB.2.0.0
2024-11-17 19:03:03,574 [WARN] ConditionMgr:1039 - genDependencies : Invalid condition id : UX DEVICE CLASS RTOS Condition cause : null
2024-11-17 19:03:03,579 [WARN] ConditionMgr:1039 - genDependencies : Invalid condition id : UX DEVICE CLASS RTOS Condition cause : null
2024-11-17 19:03:03,581 [WARN] ConditionMgr:1039 - genDependencies : Invalid condition id : UX DEVICE CLASS RTOS Condition cause : null
2024-11-17 19:03:03,582 [WARN] ConditionMgr:1039 - genDependencies : Invalid condition id : UX DEVICE CLASS RTOS Condition cause : null
2024-11-17 19:03:03,582 [WARN] ConditionMgr:1039 - genDependencies : Invalid condition id : UX DEVICE CLASS RTOS Condition cause : null
2024-11-17 19:03:03,595 [WARN] PackLoader:240 - Cannot read IP mode file for STMicroelectronics.X-CUBE-GNSS1.7.0.0
2024-11-17 19:03:03,613 [WARN] PackLoader:240 - Cannot read IP mode file for STMicroelectronics.FP-SNS-STBOX1.2.0.0
2024-11-17 19:03:03,642 [WARN] PackLoader:240 - Cannot read IP mode file for STMicroelectronics.X-CUBE-SUBG2.5.0.0
2024-11-17 19:03:03,657 [WARN] PackLoader:240 - Cannot read IP mode file for Cesanta.I-CUBE-Mongoose.7.13.0
2024-11-17 19:03:03,678 [WARN] PackLoader:240 - Cannot read IP mode file for STMicroelectronics.X-CUBE-AZRTOS-G4.2.0.0
2024-11-17 19:03:03,686 [WARN] PackLoader:240 - Cannot read IP mode file for STMicroelectronics.X-CUBE-ALS.1.0.2
2024-11-17 19:03:03,695 [WARN] PackLoader:240 - Cannot read IP mode file for STMicroelectronics.X-CUBE-TOUCHGFX.4.24.1
2024-11-17 19:03:03,700 [WARN] PackLoader:240 - Cannot read IP mode file for wolfSSL.I-CUBE-wolfTPM.3.4.0
2024-11-17 19:03:03,709 [WARN] PackLoader:240 - Cannot read IP mode file for portGmbH.I-Cube-SoM-uGOAL.1.1.0
2024-11-17 19:03:03,736 [WARN] PackLoader:240 - Cannot read IP mode file for STMicroelectronics.X-CUBE-AZRTOS-H7RS.1.0.0
2024-11-17 19:03:03,745 [WARN] PackLoader:240 - Cannot read IP mode file for STMicroelectronics.FP-ATR-ASTRA1.2.0.0
2024-11-17 19:03:03,762 [WARN] PackLoader:240 - Cannot read IP mode file for STMicroelectronics.X-CUBE-TOF1.3.4.2
2024-11-17 19:03:03,834 [WARN] PackLoader:240 - Cannot read IP mode file for Infineon.AIROC-Wi-Fi-Bluetooth-STM32.1.6.1
2024-11-17 19:03:03,850 [WARN] PackLoader:240 - Cannot read IP mode file for wolfSSL.I-CUBE-wolfSSH.1.4.17
2024-11-17 19:03:03,854 [INFO] ThirdParty:978 - Integrity check success = true
2024-11-17 19:03:03,854 [INFO] IntegrityCheckThread:100 - exiting critical section [integrity check]
2024-11-17 19:03:03,854 [INFO] IntegrityCheckThread:103 - End integrity checks thread
2024-11-17 19:03:03,952 [INFO] WebApp:192 - Starting web application
2024-11-17 19:03:03,953 [INFO] WebApp:544 - Web application path used C:\Users\phung\STM32\STM32CubeIDE_1.14.0\STM32CubeIDE\plugins\com.st.stm32cube.common.mx_6.10.0.202311202037\db\plugins\mcufinder\reactClient1\index.html
2024-11-17 19:03:20,333 [ERROR] LogOutputStream:75 - [STDERR_REDIRECT] 
2024-11-17 19:03:20,335 [ERROR] LogOutputStream:75 - [STDERR_REDIRECT] 
